<?xml version="1.0" encoding="UTF-8"?>
<!-- Generated by org.testng.reporters.JUnitReportReporter -->
<testsuite skipped="0" hostname="Gupta-Manish" name="cucumberOptions.TestRunner" tests="4" failures="0" timestamp="29 Oct 2018 10:52:54 GMT" time="110.160" errors="0">
  <testcase name="feature" time="19.341" classname="cucumberOptions.TestRunner"/>
  <testcase name="feature" time="7.846" classname="cucumberOptions.TestRunner"/>
  <testcase name="feature" time="63.908" classname="cucumberOptions.TestRunner"/>
  <testcase name="feature" time="19.065" classname="cucumberOptions.TestRunner"/>
</testsuite> <!-- cucumberOptions.TestRunner -->
